# JRE version: OpenJDK Runtime Environment (8.0_292-b10) (build 1.8.0_292-8u292-b10-0ubuntu1~18.04-b10)
# Java VM: OpenJDK 64-Bit Server VM (25.292-b10 mixed mode linux-amd64 compressed oops)
Heap:
 PSYoungGen      total 138240K, used 113137K [0x0000000719180000, 0x000000072ab00000, 0x00000007c0000000)
  eden space 129024K, 87% used [0x0000000719180000,0x000000071fffc5e8,0x0000000720f80000)
  from space 9216K, 0% used [0x000000072a200000,0x000000072a200000,0x000000072ab00000)
  to   space 20992K, 0% used [0x0000000728200000,0x0000000728200000,0x0000000729680000)
 ParOldGen       total 198144K, used 8597K [0x00000005cb400000, 0x00000005d7580000, 0x0000000719180000)
  object space 198144K, 4% used [0x00000005cb400000,0x00000005cbc65690,0x00000005d7580000)
 Metaspace       used 29669K, capacity 30660K, committed 30848K, reserved 1077248K
  class space    used 3644K, capacity 3906K, committed 3968K, reserved 1048576K
GC Heap History (6 events):
Event: 0.712 GC heap before
{Heap before GC invocations=1 (full 0):
 PSYoungGen      total 150016K, used 129024K [0x0000000719180000, 0x0000000723880000, 0x00000007c0000000)
  eden space 129024K, 100% used [0x0000000719180000,0x0000000720f80000,0x0000000720f80000)
  from space 20992K, 0% used [0x0000000722400000,0x0000000722400000,0x0000000723880000)
  to   space 20992K, 0% used [0x0000000720f80000,0x0000000720f80000,0x0000000722400000)
 ParOldGen       total 343040K, used 0K [0x00000005cb400000, 0x00000005e0300000, 0x0000000719180000)
  object space 343040K, 0% used [0x00000005cb400000,0x00000005cb400000,0x00000005e0300000)
 Metaspace       used 17701K, capacity 18112K, committed 18304K, reserved 1064960K
  class space    used 2233K, capacity 2398K, committed 2432K, reserved 1048576K
Event: 0.720 GC heap after
Heap after GC invocations=1 (full 0):
 PSYoungGen      total 150016K, used 12782K [0x0000000719180000, 0x000000072b680000, 0x00000007c0000000)
  eden space 129024K, 0% used [0x0000000719180000,0x0000000719180000,0x0000000720f80000)
  from space 20992K, 60% used [0x0000000720f80000,0x0000000721bfba58,0x0000000722400000)
  to   space 20992K, 0% used [0x000000072a200000,0x000000072a200000,0x000000072b680000)
 ParOldGen       total 343040K, used 16K [0x00000005cb400000, 0x00000005e0300000, 0x0000000719180000)
  object space 343040K, 0% used [0x00000005cb400000,0x00000005cb404000,0x00000005e0300000)
 Metaspace       used 17701K, capacity 18112K, committed 18304K, reserved 1064960K
  class space    used 2233K, capacity 2398K, committed 2432K, reserved 1048576K
}
Event: 2.589 GC heap before
{Heap before GC invocations=2 (full 0):
 PSYoungGen      total 150016K, used 57187K [0x0000000719180000, 0x000000072b680000, 0x00000007c0000000)
  eden space 129024K, 34% used [0x0000000719180000,0x000000071bcdd238,0x0000000720f80000)
  from space 20992K, 60% used [0x0000000720f80000,0x0000000721bfba58,0x0000000722400000)
  to   space 20992K, 0% used [0x000000072a200000,0x000000072a200000,0x000000072b680000)
 ParOldGen       total 343040K, used 16K [0x00000005cb400000, 0x00000005e0300000, 0x0000000719180000)
  object space 343040K, 0% used [0x00000005cb400000,0x00000005cb404000,0x00000005e0300000)
 Metaspace       used 20807K, capacity 21120K, committed 21248K, reserved 1067008K
  class space    used 2592K, capacity 2718K, committed 2816K, reserved 1048576K
Event: 2.593 GC heap after
Heap after GC invocations=2 (full 0):
 PSYoungGen      total 138240K, used 8997K [0x0000000719180000, 0x000000072ab00000, 0x00000007c0000000)
  eden space 129024K, 0% used [0x0000000719180000,0x0000000719180000,0x0000000720f80000)
  from space 9216K, 97% used [0x000000072a200000,0x000000072aac9448,0x000000072ab00000)
  to   space 20992K, 0% used [0x0000000728200000,0x0000000728200000,0x0000000729680000)
 ParOldGen       total 343040K, used 24K [0x00000005cb400000, 0x00000005e0300000, 0x0000000719180000)
  object space 343040K, 0% used [0x00000005cb400000,0x00000005cb406000,0x00000005e0300000)
 Metaspace       used 20807K, capacity 21120K, committed 21248K, reserved 1067008K
  class space    used 2592K, capacity 2718K, committed 2816K, reserved 1048576K
}
Event: 2.593 GC heap before
{Heap before GC invocations=3 (full 1):
 PSYoungGen      total 138240K, used 8997K [0x0000000719180000, 0x000000072ab00000, 0x00000007c0000000)
  eden space 129024K, 0% used [0x0000000719180000,0x0000000719180000,0x0000000720f80000)
  from space 9216K, 97% used [0x000000072a200000,0x000000072aac9448,0x000000072ab00000)
  to   space 20992K, 0% used [0x0000000728200000,0x0000000728200000,0x0000000729680000)
 ParOldGen       total 343040K, used 24K [0x00000005cb400000, 0x00000005e0300000, 0x0000000719180000)
  object space 343040K, 0% used [0x00000005cb400000,0x00000005cb406000,0x00000005e0300000)
 Metaspace       used 20807K, capacity 21120K, committed 21248K, reserved 1067008K
  class space    used 2592K, capacity 2718K, committed 2816K, reserved 1048576K
Event: 2.609 GC heap after
Heap after GC invocations=3 (full 1):
 PSYoungGen      total 138240K, used 0K [0x0000000719180000, 0x000000072ab00000, 0x00000007c0000000)
  eden space 129024K, 0% used [0x0000000719180000,0x0000000719180000,0x0000000720f80000)
  from space 9216K, 0% used [0x000000072a200000,0x000000072a200000,0x000000072ab00000)
  to   space 20992K, 0% used [0x0000000728200000,0x0000000728200000,0x0000000729680000)
 ParOldGen       total 198144K, used 8597K [0x00000005cb400000, 0x00000005d7580000, 0x0000000719180000)
  object space 198144K, 4% used [0x00000005cb400000,0x00000005cbc65690,0x00000005d7580000)
 Metaspace       used 20807K, capacity 21120K, committed 21248K, reserved 1067008K
  class space    used 2592K, capacity 2718K, committed 2816K, reserved 1048576K
}

